GROUP,PACKAGE,CLASS,INSTRUCTION_MISSED,INSTRUCTION_COVERED,BRANCH_MISSED,BRANCH_COVERED,LINE_MISSED,LINE_COVERED,COMPLEXITY_MISSED,COMPLEXITY_COVERED,METHOD_MISSED,METHOD_COVERED
auth-service,com.example.ms_auth,MsAuthApplication,5,3,0,0,2,1,1,1,1,1
auth-service,com.example.ms_auth.service.impl,AuthUserServiceImpl,0,92,0,10,0,22,0,9,0,4
auth-service,com.example.ms_auth.security,SecurityConfig,0,38,0,0,0,14,0,2,0,2
auth-service,com.example.ms_auth.security,PasswordEncoderConfig,0,7,0,0,0,2,0,2,0,2
auth-service,com.example.ms_auth.security,JwtProvider,0,77,0,0,0,21,0,5,0,5
auth-service,com.example.ms_auth.controller,AuthUserController,0,51,0,6,0,16,0,7,0,4
