<?xml version="1.0" encoding="UTF-8"?>
<testsuite xmlns:xsi="http://www.w3.org/2001/XMLSchema-instance" xsi:noNamespaceSchemaLocation="https://maven.apache.org/surefire/maven-surefire-plugin/xsd/surefire-test-report-3.0.xsd" version="3.0" name="com.example.ms_auth.controller.AuthUserControllerTest" time="0.235" tests="26" errors="0" skipped="0" failures="0">
  <properties>
[...]
</properties>
  <testcase name="create_PasswordNull_RetornaBadRequestConValidacion" classname="com.example.ms_auth.controller.AuthUserControllerTest" time="0.04">
    <system-out><![CDATA[2026-06-23 13:57:22.181  INFO 41381 --- [           main] o.s.mock.web.MockServletContext          : Initializing Spring TestDispatcherServlet ''
2026-06-23 13:57:22.181  INFO 41381 --- [           main] o.s.t.web.servlet.TestDispatcherServlet  : Initializing Servlet ''
2026-06-23 13:57:22.181  INFO 41381 --- [           main] o.s.t.web.servlet.TestDispatcherServlet  : Completed initialization in 0 ms
]]></system-out>
  </testcase>
  <testcase name="login_CamposInvalidos_RetornaMultiplesErrores" classname="com.example.ms_auth.controller.AuthUserControllerTest" time="0.01">
    <system-out><![CDATA[2026-06-23 13:57:22.193  INFO 41381 --- [           main] o.s.mock.web.MockServletContext          : Initializing Spring TestDispatcherServlet ''
2026-06-23 13:57:22.194  INFO 41381 --- [           main] o.s.t.web.servlet.TestDispatcherServlet  : Initializing Servlet ''
2026-06-23 13:57:22.194  INFO 41381 --- [           main] o.s.t.web.servlet.TestDispatcherServlet  : Completed initialization in 0 ms
]]></system-out>
  </testcase>
  <testcase name="actualizarTrabajador_TokenAdminValido_RetornaOk" classname="com.example.ms_auth.controller.AuthUserControllerTest" time="0.015">
    <system-out><![CDATA[2026-06-23 13:57:22.203  INFO 41381 --- [           main] o.s.mock.web.MockServletContext          : Initializing Spring TestDispatcherServlet ''
2026-06-23 13:57:22.203  INFO 41381 --- [           main] o.s.t.web.servlet.TestDispatcherServlet  : Initializing Servlet ''
2026-06-23 13:57:22.203  INFO 41381 --- [           main] o.s.t.web.servlet.TestDispatcherServlet  : Completed initialization in 0 ms
]]></system-out>
  </testcase>
  <testcase name="validate_TokenFaltante_RetornaBadRequestUniforme" classname="com.example.ms_auth.controller.AuthUserControllerTest" time="0.006">
    <system-out><![CDATA[2026-06-23 13:57:22.217  INFO 41381 --- [           main] o.s.mock.web.MockServletContext          : Initializing Spring TestDispatcherServlet ''
2026-06-23 13:57:22.217  INFO 41381 --- [           main] o.s.t.web.servlet.TestDispatcherServlet  : Initializing Servlet ''
2026-06-23 13:57:22.217  INFO 41381 --- [           main] o.s.t.web.servlet.TestDispatcherServlet  : Completed initialization in 0 ms
]]></system-out>
  </testcase>
  <testcase name="create_UsuarioNuevo_RetornaOk" classname="com.example.ms_auth.controller.AuthUserControllerTest" time="0.012">
    <system-out><![CDATA[2026-06-23 13:57:22.224  INFO 41381 --- [           main] o.s.mock.web.MockServletContext          : Initializing Spring TestDispatcherServlet ''
2026-06-23 13:57:22.224  INFO 41381 --- [           main] o.s.t.web.servlet.TestDispatcherServlet  : Initializing Servlet ''
2026-06-23 13:57:22.224  INFO 41381 --- [           main] o.s.t.web.servlet.TestDispatcherServlet  : Completed initialization in 0 ms
]]></system-out>
  </testcase>
  <testcase name="create_UsuarioExistente_RetornaBadRequest" classname="com.example.ms_auth.controller.AuthUserControllerTest" time="0.008">
    <system-out><![CDATA[2026-06-23 13:57:22.235  INFO 41381 --- [           main] o.s.mock.web.MockServletContext          : Initializing Spring TestDispatcherServlet ''
2026-06-23 13:57:22.235  INFO 41381 --- [           main] o.s.t.web.servlet.TestDispatcherServlet  : Initializing Servlet ''
2026-06-23 13:57:22.235  INFO 41381 --- [           main] o.s.t.web.servlet.TestDispatcherServlet  : Completed initialization in 0 ms
]]></system-out>
  </testcase>
  <testcase name="create_TipoDatoInvalido_RetornaBadRequestUniforme" classname="com.example.ms_auth.controller.AuthUserControllerTest" time="0.007">
    <system-out><![CDATA[2026-06-23 13:57:22.244  INFO 41381 --- [           main] o.s.mock.web.MockServletContext          : Initializing Spring TestDispatcherServlet ''
2026-06-23 13:57:22.244  INFO 41381 --- [           main] o.s.t.web.servlet.TestDispatcherServlet  : Initializing Servlet ''
2026-06-23 13:57:22.244  INFO 41381 --- [           main] o.s.t.web.servlet.TestDispatcherServlet  : Completed initialization in 0 ms
]]></system-out>
  </testcase>
  <testcase name="login_CredencialesCorrectas_RetornaOk" classname="com.example.ms_auth.controller.AuthUserControllerTest" time="0.008">
    <system-out><![CDATA[2026-06-23 13:57:22.252  INFO 41381 --- [           main] o.s.mock.web.MockServletContext          : Initializing Spring TestDispatcherServlet ''
2026-06-23 13:57:22.252  INFO 41381 --- [           main] o.s.t.web.servlet.TestDispatcherServlet  : Initializing Servlet ''
2026-06-23 13:57:22.252  INFO 41381 --- [           main] o.s.t.web.servlet.TestDispatcherServlet  : Completed initialization in 0 ms
]]></system-out>
  </testcase>
  <testcase name="validate_TokenInvalido_RetornaBadRequest" classname="com.example.ms_auth.controller.AuthUserControllerTest" time="0.006">
    <system-out><![CDATA[2026-06-23 13:57:22.260  INFO 41381 --- [           main] o.s.mock.web.MockServletContext          : Initializing Spring TestDispatcherServlet ''
2026-06-23 13:57:22.260  INFO 41381 --- [           main] o.s.t.web.servlet.TestDispatcherServlet  : Initializing Servlet ''
2026-06-23 13:57:22.260  INFO 41381 --- [           main] o.s.t.web.servlet.TestDispatcherServlet  : Completed initialization in 0 ms
]]></system-out>
  </testcase>
  <testcase name="enviarInvitacion_DatosValidos_RetornaOk" classname="com.example.ms_auth.controller.AuthUserControllerTest" time="0.009">
    <system-out><![CDATA[2026-06-23 13:57:22.266  INFO 41381 --- [           main] o.s.mock.web.MockServletContext          : Initializing Spring TestDispatcherServlet ''
2026-06-23 13:57:22.266  INFO 41381 --- [           main] o.s.t.web.servlet.TestDispatcherServlet  : Initializing Servlet ''
2026-06-23 13:57:22.267  INFO 41381 --- [           main] o.s.t.web.servlet.TestDispatcherServlet  : Completed initialization in 1 ms
]]></system-out>
  </testcase>
  <testcase name="consultarDni_CuandoExiste_RetornaOk" classname="com.example.ms_auth.controller.AuthUserControllerTest" time="0.006">
    <system-out><![CDATA[2026-06-23 13:57:22.276  INFO 41381 --- [           main] o.s.mock.web.MockServletContext          : Initializing Spring TestDispatcherServlet ''
2026-06-23 13:57:22.276  INFO 41381 --- [           main] o.s.t.web.servlet.TestDispatcherServlet  : Initializing Servlet ''
2026-06-23 13:57:22.276  INFO 41381 --- [           main] o.s.t.web.servlet.TestDispatcherServlet  : Completed initialization in 0 ms
]]></system-out>
  </testcase>
  <testcase name="login_CredencialesIncorrectas_RetornaBadRequest" classname="com.example.ms_auth.controller.AuthUserControllerTest" time="0.008">
    <system-out><![CDATA[2026-06-23 13:57:22.282  INFO 41381 --- [           main] o.s.mock.web.MockServletContext          : Initializing Spring TestDispatcherServlet ''
2026-06-23 13:57:22.282  INFO 41381 --- [           main] o.s.t.web.servlet.TestDispatcherServlet  : Initializing Servlet ''
2026-06-23 13:57:22.282  INFO 41381 --- [           main] o.s.t.web.servlet.TestDispatcherServlet  : Completed initialization in 0 ms
]]></system-out>
  </testcase>
  <testcase name="crearTrabajador_TokenInvalido_RetornaForbidden" classname="com.example.ms_auth.controller.AuthUserControllerTest" time="0.008">
    <system-out><![CDATA[2026-06-23 13:57:22.291  INFO 41381 --- [           main] o.s.mock.web.MockServletContext          : Initializing Spring TestDispatcherServlet ''
2026-06-23 13:57:22.291  INFO 41381 --- [           main] o.s.t.web.servlet.TestDispatcherServlet  : Initializing Servlet ''
2026-06-23 13:57:22.291  INFO 41381 --- [           main] o.s.t.web.servlet.TestDispatcherServlet  : Completed initialization in 0 ms
]]></system-out>
  </testcase>
  <testcase name="crearTrabajador_TokenAdminValido_RetornaOk" classname="com.example.ms_auth.controller.AuthUserControllerTest" time="0.007">
    <system-out><![CDATA[2026-06-23 13:57:22.298  INFO 41381 --- [           main] o.s.mock.web.MockServletContext          : Initializing Spring TestDispatcherServlet ''
2026-06-23 13:57:22.298  INFO 41381 --- [           main] o.s.t.web.servlet.TestDispatcherServlet  : Initializing Servlet ''
2026-06-23 13:57:22.298  INFO 41381 --- [           main] o.s.t.web.servlet.TestDispatcherServlet  : Completed initialization in 0 ms
]]></system-out>
  </testcase>
  <testcase name="enviarInvitacion_ErrorInesperado_RetornaInternalServerError" classname="com.example.ms_auth.controller.AuthUserControllerTest" time="0.008">
    <system-out><![CDATA[2026-06-23 13:57:22.306  INFO 41381 --- [           main] o.s.mock.web.MockServletContext          : Initializing Spring TestDispatcherServlet ''
2026-06-23 13:57:22.306  INFO 41381 --- [           main] o.s.t.web.servlet.TestDispatcherServlet  : Initializing Servlet ''
2026-06-23 13:57:22.306  INFO 41381 --- [           main] o.s.t.web.servlet.TestDispatcherServlet  : Completed initialization in 0 ms
]]></system-out>
  </testcase>
  <testcase name="activarTrabajador_DatosValidos_RetornaOk" classname="com.example.ms_auth.controller.AuthUserControllerTest" time="0.007">
    <system-out><![CDATA[2026-06-23 13:57:22.314  INFO 41381 --- [           main] o.s.mock.web.MockServletContext          : Initializing Spring TestDispatcherServlet ''
2026-06-23 13:57:22.314  INFO 41381 --- [           main] o.s.t.web.servlet.TestDispatcherServlet  : Initializing Servlet ''
2026-06-23 13:57:22.314  INFO 41381 --- [           main] o.s.t.web.servlet.TestDispatcherServlet  : Completed initialization in 0 ms
]]></system-out>
  </testcase>
  <testcase name="impersonarTrabajador_TokenAdminValido_RetornaToken" classname="com.example.ms_auth.controller.AuthUserControllerTest" time="0.007">
    <system-out><![CDATA[2026-06-23 13:57:22.322  INFO 41381 --- [           main] o.s.mock.web.MockServletContext          : Initializing Spring TestDispatcherServlet ''
2026-06-23 13:57:22.322  INFO 41381 --- [           main] o.s.t.web.servlet.TestDispatcherServlet  : Initializing Servlet ''
2026-06-23 13:57:22.322  INFO 41381 --- [           main] o.s.t.web.servlet.TestDispatcherServlet  : Completed initialization in 0 ms
]]></system-out>
  </testcase>
  <testcase name="login_PasswordPunto_RetornaBadRequestConValidacion" classname="com.example.ms_auth.controller.AuthUserControllerTest" time="0.009">
    <system-out><![CDATA[2026-06-23 13:57:22.329  INFO 41381 --- [           main] o.s.mock.web.MockServletContext          : Initializing Spring TestDispatcherServlet ''
2026-06-23 13:57:22.329  INFO 41381 --- [           main] o.s.t.web.servlet.TestDispatcherServlet  : Initializing Servlet ''
2026-06-23 13:57:22.329  INFO 41381 --- [           main] o.s.t.web.servlet.TestDispatcherServlet  : Completed initialization in 0 ms
]]></system-out>
  </testcase>
  <testcase name="listarTrabajadores_RolNoAdmin_RetornaForbidden" classname="com.example.ms_auth.controller.AuthUserControllerTest" time="0.006">
    <system-out><![CDATA[2026-06-23 13:57:22.339  INFO 41381 --- [           main] o.s.mock.web.MockServletContext          : Initializing Spring TestDispatcherServlet ''
2026-06-23 13:57:22.339  INFO 41381 --- [           main] o.s.t.web.servlet.TestDispatcherServlet  : Initializing Servlet ''
2026-06-23 13:57:22.339  INFO 41381 --- [           main] o.s.t.web.servlet.TestDispatcherServlet  : Completed initialization in 0 ms
]]></system-out>
  </testcase>
  <testcase name="activarTrabajador_NoEncontrado_RetornaNotFoundUniforme" classname="com.example.ms_auth.controller.AuthUserControllerTest" time="0.006">
    <system-out><![CDATA[2026-06-23 13:57:22.344  INFO 41381 --- [           main] o.s.mock.web.MockServletContext          : Initializing Spring TestDispatcherServlet ''
2026-06-23 13:57:22.344  INFO 41381 --- [           main] o.s.t.web.servlet.TestDispatcherServlet  : Initializing Servlet ''
2026-06-23 13:57:22.344  INFO 41381 --- [           main] o.s.t.web.servlet.TestDispatcherServlet  : Completed initialization in 0 ms
]]></system-out>
  </testcase>
  <testcase name="login_UsuarioVacio_RetornaBadRequestConValidacion" classname="com.example.ms_auth.controller.AuthUserControllerTest" time="0.008">
    <system-out><![CDATA[2026-06-23 13:57:22.351  INFO 41381 --- [           main] o.s.mock.web.MockServletContext          : Initializing Spring TestDispatcherServlet ''
2026-06-23 13:57:22.351  INFO 41381 --- [           main] o.s.t.web.servlet.TestDispatcherServlet  : Initializing Servlet ''
2026-06-23 13:57:22.351  INFO 41381 --- [           main] o.s.t.web.servlet.TestDispatcherServlet  : Completed initialization in 0 ms
]]></system-out>
  </testcase>
  <testcase name="listarTrabajadores_TokenAdminValido_RetornaOk" classname="com.example.ms_auth.controller.AuthUserControllerTest" time="0.006">
    <system-out><![CDATA[2026-06-23 13:57:22.360  INFO 41381 --- [           main] o.s.mock.web.MockServletContext          : Initializing Spring TestDispatcherServlet ''
2026-06-23 13:57:22.360  INFO 41381 --- [           main] o.s.t.web.servlet.TestDispatcherServlet  : Initializing Servlet ''
2026-06-23 13:57:22.360  INFO 41381 --- [           main] o.s.t.web.servlet.TestDispatcherServlet  : Completed initialization in 0 ms
]]></system-out>
  </testcase>
  <testcase name="validate_TokenValido_RetornaOk" classname="com.example.ms_auth.controller.AuthUserControllerTest" time="0.005">
    <system-out><![CDATA[2026-06-23 13:57:22.366  INFO 41381 --- [           main] o.s.mock.web.MockServletContext          : Initializing Spring TestDispatcherServlet ''
2026-06-23 13:57:22.366  INFO 41381 --- [           main] o.s.t.web.servlet.TestDispatcherServlet  : Initializing Servlet ''
2026-06-23 13:57:22.366  INFO 41381 --- [           main] o.s.t.web.servlet.TestDispatcherServlet  : Completed initialization in 0 ms
]]></system-out>
  </testcase>
  <testcase name="cambiarEstadoTrabajador_TokenAdminValido_RetornaOk" classname="com.example.ms_auth.controller.AuthUserControllerTest" time="0.007">
    <system-out><![CDATA[2026-06-23 13:57:22.371  INFO 41381 --- [           main] o.s.mock.web.MockServletContext          : Initializing Spring TestDispatcherServlet ''
2026-06-23 13:57:22.371  INFO 41381 --- [           main] o.s.t.web.servlet.TestDispatcherServlet  : Initializing Servlet ''
2026-06-23 13:57:22.371  INFO 41381 --- [           main] o.s.t.web.servlet.TestDispatcherServlet  : Completed initialization in 0 ms
]]></system-out>
  </testcase>
  <testcase name="eliminarTrabajador_TokenOwnerValido_RetornaNoContent" classname="com.example.ms_auth.controller.AuthUserControllerTest" time="0.005">
    <system-out><![CDATA[2026-06-23 13:57:22.378  INFO 41381 --- [           main] o.s.mock.web.MockServletContext          : Initializing Spring TestDispatcherServlet ''
2026-06-23 13:57:22.378  INFO 41381 --- [           main] o.s.t.web.servlet.TestDispatcherServlet  : Initializing Servlet ''
2026-06-23 13:57:22.378  INFO 41381 --- [           main] o.s.t.web.servlet.TestDispatcherServlet  : Completed initialization in 0 ms
]]></system-out>
  </testcase>
  <testcase name="listarTrabajadores_SinToken_RetornaForbidden" classname="com.example.ms_auth.controller.AuthUserControllerTest" time="0.004">
    <system-out><![CDATA[2026-06-23 13:57:22.382  INFO 41381 --- [           main] o.s.mock.web.MockServletContext          : Initializing Spring TestDispatcherServlet ''
2026-06-23 13:57:22.382  INFO 41381 --- [           main] o.s.t.web.servlet.TestDispatcherServlet  : Initializing Servlet ''
2026-06-23 13:57:22.382  INFO 41381 --- [           main] o.s.t.web.servlet.TestDispatcherServlet  : Completed initialization in 0 ms
]]></system-out>
  </testcase>
</testsuite>