<?xml version="1.0" encoding="UTF-8"?>
<testsuite xmlns:xsi="http://www.w3.org/2001/XMLSchema-instance" xsi:noNamespaceSchemaLocation="https://maven.apache.org/surefire/maven-surefire-plugin/xsd/surefire-test-report-3.0.xsd" version="3.0" name="com.example.ms_auth.integration.AuthUserIntegrationTest" time="1.731" tests="10" errors="0" skipped="0" failures="0">
  <properties>
[...]
</properties>
  <testcase name="invitation_WhenUnexpectedExceptionOccurs_ReturnsInternalServerError" classname="com.example.ms_auth.integration.AuthUserIntegrationTest" time="0.234">
    <system-out><![CDATA[2026-06-23 13:57:20.416  INFO 41381 --- [           main] .b.t.c.SpringBootTestContextBootstrapper : Neither @ContextConfiguration nor @ContextHierarchy found for test class [com.example.ms_auth.integration.AuthUserIntegrationTest], using SpringBootContextLoader
2026-06-23 13:57:20.416  INFO 41381 --- [           main] o.s.t.c.support.AbstractContextLoader    : Could not detect default resource locations for test class [com.example.ms_auth.integration.AuthUserIntegrationTest]: no resource found for suffixes {-context.xml, Context.groovy}.
2026-06-23 13:57:20.416  INFO 41381 --- [           main] t.c.s.AnnotationConfigContextLoaderUtils : Could not detect default configuration classes for test class [com.example.ms_auth.integration.AuthUserIntegrationTest]: AuthUserIntegrationTest does not declare any static, non-private, non-final, nested classes annotated with @Configuration.
2026-06-23 13:57:20.418  INFO 41381 --- [           main] .b.t.c.SpringBootTestContextBootstrapper : Found @SpringBootConfiguration com.example.ms_auth.MsAuthApplication for test class com.example.ms_auth.integration.AuthUserIntegrationTest
2026-06-23 13:57:20.419  INFO 41381 --- [           main] .b.t.c.SpringBootTestContextBootstrapper : Loaded default TestExecutionListener class names from location [META-INF/spring.factories]: [org.springframework.boot.test.mock.mockito.MockitoTestExecutionListener, org.springframework.boot.test.mock.mockito.ResetMocksTestExecutionListener, org.springframework.boot.test.autoconfigure.restdocs.RestDocsTestExecutionListener, org.springframework.boot.test.autoconfigure.web.client.MockRestServiceServerResetTestExecutionListener, org.springframework.boot.test.autoconfigure.web.servlet.MockMvcPrintOnlyOnFailureTestExecutionListener, org.springframework.boot.test.autoconfigure.web.servlet.WebDriverTestExecutionListener, org.springframework.boot.test.autoconfigure.webservices.client.MockWebServiceServerTestExecutionListener, org.springframework.test.context.web.ServletTestExecutionListener, org.springframework.test.context.support.DirtiesContextBeforeModesTestExecutionListener, org.springframework.test.context.event.ApplicationEventsTestExecutionListener, org.springframework.test.context.support.DependencyInjectionTestExecutionListener, org.springframework.test.context.support.DirtiesContextTestExecutionListener, org.springframework.test.context.transaction.TransactionalTestExecutionListener, org.springframework.test.context.jdbc.SqlScriptsTestExecutionListener, org.springframework.test.context.event.EventPublishingTestExecutionListener, org.springframework.security.test.context.support.WithSecurityContextTestExecutionListener, org.springframework.security.test.context.support.ReactorContextTestExecutionListener]
2026-06-23 13:57:20.419  INFO 41381 --- [           main] .b.t.c.SpringBootTestContextBootstrapper : Using TestExecutionListeners: [org.springframework.test.context.web.ServletTestExecutionListener@1f1237b6, org.springframework.test.context.support.DirtiesContextBeforeModesTestExecutionListener@535edba2, org.springframework.test.context.event.ApplicationEventsTestExecutionListener@47518f7a, org.springframework.boot.test.mock.mockito.MockitoTestExecutionListener@21d46900, org.springframework.boot.test.autoconfigure.SpringBootDependencyInjectionTestExecutionListener@2f75550b, org.springframework.test.context.support.DirtiesContextTestExecutionListener@a53088c, org.springframework.test.context.transaction.TransactionalTestExecutionListener@41327ce3, org.springframework.test.context.jdbc.SqlScriptsTestExecutionListener@43ac81ac, org.springframework.test.context.event.EventPublishingTestExecutionListener@467459df, org.springframework.security.test.context.support.WithSecurityContextTestExecutionListener@54f12ef5, org.springframework.security.test.context.support.ReactorContextTestExecutionListener@6f685ec, org.springframework.boot.test.mock.mockito.ResetMocksTestExecutionListener@2170c57f, org.springframework.boot.test.autoconfigure.restdocs.RestDocsTestExecutionListener@452eda2f, org.springframework.boot.test.autoconfigure.web.client.MockRestServiceServerResetTestExecutionListener@18f5c2f9, org.springframework.boot.test.autoconfigure.web.servlet.MockMvcPrintOnlyOnFailureTestExecutionListener@2a9eedee, org.springframework.boot.test.autoconfigure.web.servlet.WebDriverTestExecutionListener@d628eff, org.springframework.boot.test.autoconfigure.webservices.client.MockWebServiceServerTestExecutionListener@3e2ec2de]

  .   ____          _            __ _ _
 /\\ / ___'_ __ _ _(_)_ __  __ _ \ \ \ \
( ( )\___ | '_ | '_| | '_ \/ _` | \ \ \ \
 \\/  ___)| |_)| | | | | || (_| |  ) ) ) )
  '  |____| .__|_| |_|_| |_\__, | / / / /
 =========|_|==============|___/=/_/_/_/
 :: Spring Boot ::               (v2.5.12)

2026-06-23 13:57:20.453  INFO 41381 --- [           main] c.e.m.i.AuthUserIntegrationTest          : The following 1 profile is active: "test"
2026-06-23 13:57:20.536  INFO 41381 --- [           main] .s.d.r.c.RepositoryConfigurationDelegate : Bootstrapping Spring Data JPA repositories in DEFAULT mode.
2026-06-23 13:57:20.540  INFO 41381 --- [           main] .s.d.r.c.RepositoryConfigurationDelegate : Finished Spring Data repository scanning in 4 ms. Found 1 JPA repository interfaces.
2026-06-23 13:57:20.559  INFO 41381 --- [           main] o.s.cloud.context.scope.GenericScope     : BeanFactory id=cfc10e85-a92b-32e3-88c7-c4c96a571798
2026-06-23 13:57:20.597  INFO 41381 --- [           main] o.hibernate.jpa.internal.util.LogHelper  : HHH000204: Processing PersistenceUnitInfo [name: default]
2026-06-23 13:57:20.599  INFO 41381 --- [           main] com.zaxxer.hikari.HikariDataSource       : HikariPool-2 - Starting...
2026-06-23 13:57:20.611  INFO 41381 --- [           main] com.zaxxer.hikari.HikariDataSource       : HikariPool-2 - Start completed.
2026-06-23 13:57:20.611  INFO 41381 --- [           main] org.hibernate.dialect.Dialect            : HHH000400: Using dialect: org.hibernate.dialect.MySQL8Dialect
2026-06-23 13:57:20.668  INFO 41381 --- [           main] o.h.e.t.j.p.i.JtaPlatformInitiator       : HHH000490: Using JtaPlatform implementation: [org.hibernate.engine.transaction.jta.platform.internal.NoJtaPlatform]
2026-06-23 13:57:20.668  INFO 41381 --- [           main] j.LocalContainerEntityManagerFactoryBean : Initialized JPA EntityManagerFactory for persistence unit 'default'
2026-06-23 13:57:20.721  WARN 41381 --- [           main] JpaBaseConfiguration$JpaWebConfiguration : spring.jpa.open-in-view is enabled by default. Therefore, database queries may be performed during view rendering. Explicitly configure spring.jpa.open-in-view to disable this warning
2026-06-23 13:57:21.067  WARN 41381 --- [           main] .s.s.UserDetailsServiceAutoConfiguration : 

Using generated security password: 4d4869a4-7c30-46f8-be18-a1bb47aacfe4

This generated password is for development use only. Your security configuration must be updated before running your application in production.

2026-06-23 13:57:21.077  INFO 41381 --- [           main] o.s.s.web.DefaultSecurityFilterChain     : Will not secure any request
2026-06-23 13:57:21.100  INFO 41381 --- [           main] o.s.b.t.m.w.SpringBootMockServletContext : Initializing Spring TestDispatcherServlet ''
2026-06-23 13:57:21.100  INFO 41381 --- [           main] o.s.t.web.servlet.TestDispatcherServlet  : Initializing Servlet ''
2026-06-23 13:57:21.102  INFO 41381 --- [           main] o.s.b.a.e.web.EndpointLinksResolver      : Exposing 1 endpoint(s) beneath base path '/actuator'
2026-06-23 13:57:21.107  INFO 41381 --- [           main] o.s.t.web.servlet.TestDispatcherServlet  : Completed initialization in 7 ms
2026-06-23 13:57:21.115  INFO 41381 --- [           main] DiscoveryClientOptionalArgsConfiguration : Eureka HTTP Client uses RestTemplate.
2026-06-23 13:57:21.125  WARN 41381 --- [           main] iguration$LoadBalancerCaffeineWarnLogger : Spring Cloud LoadBalancer is currently working with the default cache. While this cache implementation is useful for development and tests, it's recommended to use Caffeine cache in production.You can switch to using Caffeine cache, by adding it and org.springframework.cache.caffeine.CaffeineCacheManager to the classpath.
2026-06-23 13:57:21.134  INFO 41381 --- [           main] c.e.m.i.AuthUserIntegrationTest          : Started AuthUserIntegrationTest in 0.713 seconds (JVM running for 11.382)
]]></system-out>
  </testcase>
  <testcase name="delete_WhenWorkerDoesNotExist_ReturnsNotFound" classname="com.example.ms_auth.integration.AuthUserIntegrationTest" time="0.167"/>
  <testcase name="protectedEndpoint_WhenTokenIsInvalid_ReturnsForbidden" classname="com.example.ms_auth.integration.AuthUserIntegrationTest" time="0.015"/>
  <testcase name="create_WhenRequestIsValid_PersistsUser" classname="com.example.ms_auth.integration.AuthUserIntegrationTest" time="0.078"/>
  <testcase name="create_WhenUserNameIsDuplicated_ReturnsConflict" classname="com.example.ms_auth.integration.AuthUserIntegrationTest" time="0.079"/>
  <testcase name="login_WhenCredentialsAreValid_ReturnsJwt" classname="com.example.ms_auth.integration.AuthUserIntegrationTest" time="0.137"/>
  <testcase name="create_WhenBodyIsInvalid_ReturnsBadRequest" classname="com.example.ms_auth.integration.AuthUserIntegrationTest" time="0.012"/>
  <testcase name="protectedEndpoint_WhenTokenIsMissing_ReturnsForbidden" classname="com.example.ms_auth.integration.AuthUserIntegrationTest" time="0.005"/>
  <testcase name="login_WhenPasswordIsInvalid_ReturnsBadRequest" classname="com.example.ms_auth.integration.AuthUserIntegrationTest" time="0.133"/>
  <testcase name="protectedEndpoint_WhenAdminTokenIsValid_ReturnsOk" classname="com.example.ms_auth.integration.AuthUserIntegrationTest" time="0.146"/>
</testsuite>