<?xml version="1.0" encoding="UTF-8"?>
<testsuite xmlns:xsi="http://www.w3.org/2001/XMLSchema-instance" xsi:noNamespaceSchemaLocation="https://maven.apache.org/surefire/maven-surefire-plugin/xsd/surefire-test-report-3.0.xsd" version="3.0" name="com.example.ms_auth.MsAuthApplicationTests" time="35.617" tests="1" errors="0" skipped="0" failures="0">
  <properties>
[...]
</properties>
  <testcase name="contextLoads" classname="com.example.ms_auth.MsAuthApplicationTests" time="0.155">
    <system-out><![CDATA[01:58:18.499 [main] DEBUG org.springframework.test.context.BootstrapUtils - Instantiating CacheAwareContextLoaderDelegate from class [org.springframework.test.context.cache.DefaultCacheAwareContextLoaderDelegate]
01:58:18.508 [main] DEBUG org.springframework.test.context.BootstrapUtils - Instantiating BootstrapContext using constructor [public org.springframework.test.context.support.DefaultBootstrapContext(java.lang.Class,org.springframework.test.context.CacheAwareContextLoaderDelegate)]
01:58:18.529 [main] DEBUG org.springframework.test.context.BootstrapUtils - Instantiating TestContextBootstrapper for test class [com.example.ms_auth.MsAuthApplicationTests] from class [org.springframework.boot.test.context.SpringBootTestContextBootstrapper]
01:58:18.549 [main] INFO org.springframework.boot.test.context.SpringBootTestContextBootstrapper - Neither @ContextConfiguration nor @ContextHierarchy found for test class [com.example.ms_auth.MsAuthApplicationTests], using SpringBootContextLoader
01:58:18.555 [main] DEBUG org.springframework.test.context.support.AbstractContextLoader - Did not detect default resource location for test class [com.example.ms_auth.MsAuthApplicationTests]: class path resource [com/example/ms_auth/MsAuthApplicationTests-context.xml] does not exist
01:58:18.555 [main] DEBUG org.springframework.test.context.support.AbstractContextLoader - Did not detect default resource location for test class [com.example.ms_auth.MsAuthApplicationTests]: class path resource [com/example/ms_auth/MsAuthApplicationTestsContext.groovy] does not exist
01:58:18.555 [main] INFO org.springframework.test.context.support.AbstractContextLoader - Could not detect default resource locations for test class [com.example.ms_auth.MsAuthApplicationTests]: no resource found for suffixes {-context.xml, Context.groovy}.
01:58:18.558 [main] INFO org.springframework.test.context.support.AnnotationConfigContextLoaderUtils - Could not detect default configuration classes for test class [com.example.ms_auth.MsAuthApplicationTests]: MsAuthApplicationTests does not declare any static, non-private, non-final, nested classes annotated with @Configuration.
01:58:18.653 [main] DEBUG org.springframework.test.context.support.ActiveProfilesUtils - Could not find an 'annotation declaring class' for annotation type [org.springframework.test.context.ActiveProfiles] and class [com.example.ms_auth.MsAuthApplicationTests]
01:58:18.802 [main] DEBUG org.springframework.context.annotation.ClassPathScanningCandidateComponentProvider - Identified candidate component class: file [D:\ms-auth\target\classes\com\example\ms_auth\MsAuthApplication.class]
01:58:18.804 [main] INFO org.springframework.boot.test.context.SpringBootTestContextBootstrapper - Found @SpringBootConfiguration com.example.ms_auth.MsAuthApplication for test class com.example.ms_auth.MsAuthApplicationTests
01:58:18.906 [main] DEBUG org.springframework.boot.test.context.SpringBootTestContextBootstrapper - @TestExecutionListeners is not present for class [com.example.ms_auth.MsAuthApplicationTests]: using defaults.
01:58:18.907 [main] INFO org.springframework.boot.test.context.SpringBootTestContextBootstrapper - Loaded default TestExecutionListener class names from location [META-INF/spring.factories]: [org.springframework.boot.test.mock.mockito.MockitoTestExecutionListener, org.springframework.boot.test.mock.mockito.ResetMocksTestExecutionListener, org.springframework.boot.test.autoconfigure.restdocs.RestDocsTestExecutionListener, org.springframework.boot.test.autoconfigure.web.client.MockRestServiceServerResetTestExecutionListener, org.springframework.boot.test.autoconfigure.web.servlet.MockMvcPrintOnlyOnFailureTestExecutionListener, org.springframework.boot.test.autoconfigure.web.servlet.WebDriverTestExecutionListener, org.springframework.boot.test.autoconfigure.webservices.client.MockWebServiceServerTestExecutionListener, org.springframework.test.context.web.ServletTestExecutionListener, org.springframework.test.context.support.DirtiesContextBeforeModesTestExecutionListener, org.springframework.test.context.event.ApplicationEventsTestExecutionListener, org.springframework.test.context.support.DependencyInjectionTestExecutionListener, org.springframework.test.context.support.DirtiesContextTestExecutionListener, org.springframework.test.context.transaction.TransactionalTestExecutionListener, org.springframework.test.context.jdbc.SqlScriptsTestExecutionListener, org.springframework.test.context.event.EventPublishingTestExecutionListener, org.springframework.security.test.context.support.WithSecurityContextTestExecutionListener, org.springframework.security.test.context.support.ReactorContextTestExecutionListener]
01:58:18.977 [main] INFO org.springframework.boot.test.context.SpringBootTestContextBootstrapper - Using TestExecutionListeners: [org.springframework.test.context.web.ServletTestExecutionListener@58829c2c, org.springframework.test.context.support.DirtiesContextBeforeModesTestExecutionListener@64f1b2fb, org.springframework.test.context.event.ApplicationEventsTestExecutionListener@2c6553c6, org.springframework.boot.test.mock.mockito.MockitoTestExecutionListener@59ac60d1, org.springframework.boot.test.autoconfigure.SpringBootDependencyInjectionTestExecutionListener@1503f434, org.springframework.test.context.support.DirtiesContextTestExecutionListener@7c8cea05, org.springframework.test.context.transaction.TransactionalTestExecutionListener@7af17d31, org.springframework.test.context.jdbc.SqlScriptsTestExecutionListener@40612056, org.springframework.test.context.event.EventPublishingTestExecutionListener@4a49ce3a, org.springframework.security.test.context.support.WithSecurityContextTestExecutionListener@518ed9b4, org.springframework.security.test.context.support.ReactorContextTestExecutionListener@20e73e41, org.springframework.boot.test.mock.mockito.ResetMocksTestExecutionListener@694dc99b, org.springframework.boot.test.autoconfigure.restdocs.RestDocsTestExecutionListener@6d71f296, org.springframework.boot.test.autoconfigure.web.client.MockRestServiceServerResetTestExecutionListener@4a15d5f5, org.springframework.boot.test.autoconfigure.web.servlet.MockMvcPrintOnlyOnFailureTestExecutionListener@5319efc0, org.springframework.boot.test.autoconfigure.web.servlet.WebDriverTestExecutionListener@549fe529, org.springframework.boot.test.autoconfigure.webservices.client.MockWebServiceServerTestExecutionListener@3618486e]
01:58:18.984 [main] DEBUG org.springframework.test.context.support.AbstractDirtiesContextTestExecutionListener - Before test class: context [DefaultTestContext@64641998 testClass = MsAuthApplicationTests, testInstance = [null], testMethod = [null], testException = [null], mergedContextConfiguration = [WebMergedContextConfiguration@2e845f1c testClass = MsAuthApplicationTests, locations = '{}', classes = '{class com.example.ms_auth.MsAuthApplication}', contextInitializerClasses = '[]', activeProfiles = '{}', propertySourceLocations = '{}', propertySourceProperties = '{org.springframework.boot.test.context.SpringBootTestContextBootstrapper=true}', contextCustomizers = set[org.springframework.boot.test.context.filter.ExcludeFilterContextCustomizer@69c263f8, org.springframework.boot.test.json.DuplicateJsonObjectContextCustomizerFactory$DuplicateJsonObjectContextCustomizer@65871cfd, org.springframework.boot.test.mock.mockito.MockitoContextCustomizer@0, org.springframework.boot.test.web.client.TestRestTemplateContextCustomizer@5746609e, org.springframework.boot.test.autoconfigure.actuate.metrics.MetricsExportContextCustomizerFactory$DisableMetricExportContextCustomizer@42fb2be9, org.springframework.boot.test.autoconfigure.properties.PropertyMappingContextCustomizer@0, org.springframework.boot.test.autoconfigure.web.servlet.WebDriverContextCustomizerFactory$Customizer@7e577eed, org.springframework.boot.test.context.SpringBootTestArgs@1, org.springframework.boot.test.context.SpringBootTestWebEnvironment@6f3187b0], resourceBasePath = 'src/main/webapp', contextLoader = 'org.springframework.boot.test.context.SpringBootContextLoader', parent = [null]], attributes = map['org.springframework.test.context.web.ServletTestExecutionListener.activateListener' -> true]], class annotated with @DirtiesContext [false] with mode [null].

  .   ____          _            __ _ _
 /\\ / ___'_ __ _ _(_)_ __  __ _ \ \ \ \
( ( )\___ | '_ | '_| | '_ \/ _` | \ \ \ \
 \\/  ___)| |_)| | | | | || (_| |  ) ) ) )
  '  |____| .__|_| |_|_| |_\__, | / / / /
 =========|_|==============|___/=/_/_/_/
 :: Spring Boot ::               (v2.5.12)

2026-04-24 01:58:24.746  INFO 29228 --- [           main] c.c.c.ConfigServicePropertySourceLocator : Fetching config from server at : http://localhost:8888
2026-04-24 01:58:24.930  INFO 29228 --- [           main] c.c.c.ConfigServicePropertySourceLocator : Connect Timeout Exception on Url - http://localhost:8888. Will be trying the next url if available
2026-04-24 01:58:24.931  WARN 29228 --- [           main] c.c.c.ConfigServicePropertySourceLocator : Could not locate PropertySource: I/O error on GET request for "http://localhost:8888/ms-auth-service-test/default": Connection refused: getsockopt; nested exception is java.net.ConnectException: Connection refused: getsockopt
2026-04-24 01:58:24.969  INFO 29228 --- [           main] c.e.ms_auth.MsAuthApplicationTests       : No active profile set, falling back to 1 default profile: "default"
2026-04-24 01:58:28.099  INFO 29228 --- [           main] .s.d.r.c.RepositoryConfigurationDelegate : Bootstrapping Spring Data JPA repositories in DEFAULT mode.
2026-04-24 01:58:28.613  INFO 29228 --- [           main] .s.d.r.c.RepositoryConfigurationDelegate : Finished Spring Data repository scanning in 447 ms. Found 1 JPA repository interfaces.
2026-04-24 01:58:30.292  INFO 29228 --- [           main] o.s.cloud.context.scope.GenericScope     : BeanFactory id=95a9dfd1-8a3b-3c2d-abc0-3554f0994d42
2026-04-24 01:58:33.129  INFO 29228 --- [           main] o.hibernate.jpa.internal.util.LogHelper  : HHH000204: Processing PersistenceUnitInfo [name: default]
2026-04-24 01:58:33.455  INFO 29228 --- [           main] org.hibernate.Version                    : HHH000412: Hibernate ORM core version 5.4.33
2026-04-24 01:58:33.820  INFO 29228 --- [           main] o.hibernate.annotations.common.Version   : HCANN000001: Hibernate Commons Annotations {5.1.2.Final}
2026-04-24 01:58:34.912  INFO 29228 --- [           main] com.zaxxer.hikari.HikariDataSource       : HikariPool-1 - Starting...
2026-04-24 01:58:36.424  INFO 29228 --- [           main] com.zaxxer.hikari.HikariDataSource       : HikariPool-1 - Start completed.
2026-04-24 01:58:36.800  INFO 29228 --- [           main] org.hibernate.dialect.Dialect            : HHH000400: Using dialect: org.hibernate.dialect.H2Dialect
2026-04-24 01:58:39.124  INFO 29228 --- [           main] o.h.e.t.j.p.i.JtaPlatformInitiator       : HHH000490: Using JtaPlatform implementation: [org.hibernate.engine.transaction.jta.platform.internal.NoJtaPlatform]
2026-04-24 01:58:39.152  INFO 29228 --- [           main] j.LocalContainerEntityManagerFactoryBean : Initialized JPA EntityManagerFactory for persistence unit 'default'
2026-04-24 01:58:41.941  WARN 29228 --- [           main] JpaBaseConfiguration$JpaWebConfiguration : spring.jpa.open-in-view is enabled by default. Therefore, database queries may be performed during view rendering. Explicitly configure spring.jpa.open-in-view to disable this warning
2026-04-24 01:58:49.314  WARN 29228 --- [           main] .s.s.UserDetailsServiceAutoConfiguration : 

Using generated security password: cdea7c04-6343-4e54-be5a-3bbff8f61295

This generated password is for development use only. Your security configuration must be updated before running your application in production.

2026-04-24 01:58:50.319  INFO 29228 --- [           main] o.s.b.a.e.web.EndpointLinksResolver      : Exposing 1 endpoint(s) beneath base path '/actuator'
2026-04-24 01:58:50.764  INFO 29228 --- [           main] o.s.s.web.DefaultSecurityFilterChain     : Will not secure any request
2026-04-24 01:58:52.904  INFO 29228 --- [           main] o.s.cloud.commons.util.InetUtils         : Cannot determine local hostname
2026-04-24 01:58:52.944  INFO 29228 --- [           main] DiscoveryClientOptionalArgsConfiguration : Eureka HTTP Client uses RestTemplate.
2026-04-24 01:58:53.327  WARN 29228 --- [           main] iguration$LoadBalancerCaffeineWarnLogger : Spring Cloud LoadBalancer is currently working with the default cache. While this cache implementation is useful for development and tests, it's recommended to use Caffeine cache in production.You can switch to using Caffeine cache, by adding it and org.springframework.cache.caffeine.CaffeineCacheManager to the classpath.
2026-04-24 01:58:53.487  INFO 29228 --- [           main] c.e.ms_auth.MsAuthApplicationTests       : Started MsAuthApplicationTests in 34.413 seconds (JVM running for 50.407)
]]></system-out>
  </testcase>
</testsuite>